<?xml version="1.0" encoding="UTF-8"?>
<!-- Generated by org.testng.reporters.JUnitXMLReporter -->
<testsuite ignored="0" hostname="DESKTOP-GUKBSC8" failures="0" tests="3" name="Swag_Labs_Automation_Testing" time="3.512" errors="0" timestamp="2025-07-12T13:04:14 EEST">
  <testcase classname="tests.TestPage" name="positiveLoginScenario" time="0.584"/>
  <testcase classname="tests.TestPage" name="positiveAddToCartScenario" time="0.093"/>
  <testcase classname="tests.TestPage" name="positiveClickCartLinkScenario" time="0.067"/>
</testsuite> <!-- Swag_Labs_Automation_Testing -->
